0 info it worked if it ends with ok
1 verbose cli [ '/usr/local/bin/node',
1 verbose cli   '/usr/local/bin/npm',
1 verbose cli   'publish',
1 verbose cli   '--access=public' ]
2 info using npm@3.10.3
3 info using node@v6.6.0
4 verbose publish [ '.' ]
5 silly cache add args [ '.', null ]
6 verbose cache add spec .
7 silly cache add parsed spec Result {
7 silly cache add   raw: '.',
7 silly cache add   scope: null,
7 silly cache add   escapedName: null,
7 silly cache add   name: null,
7 silly cache add   rawSpec: '.',
7 silly cache add   spec: '/Users/bwubs/stack/projects/PHP/laravel/eloquent.js/resources/assets/js/eloquentjs',
7 silly cache add   type: 'directory' }
8 verbose addLocalDirectory /Users/bwubs/.npm/@megawubs/eloquentjs/0.0.2-beta/package.tgz not in flight; packing
9 verbose correctMkdir /Users/bwubs/.npm correctMkdir not in flight; initializing
10 info lifecycle @megawubs/eloquentjs@0.0.2-beta~prepublish: @megawubs/eloquentjs@0.0.2-beta
11 silly lifecycle @megawubs/eloquentjs@0.0.2-beta~prepublish: no script for prepublish, continuing
12 verbose tar pack [ '/Users/bwubs/.npm/@megawubs/eloquentjs/0.0.2-beta/package.tgz',
12 verbose tar pack   '/Users/bwubs/stack/projects/PHP/laravel/eloquent.js/resources/assets/js/eloquentjs' ]
13 verbose tarball /Users/bwubs/.npm/@megawubs/eloquentjs/0.0.2-beta/package.tgz
14 verbose folder /Users/bwubs/stack/projects/PHP/laravel/eloquent.js/resources/assets/js/eloquentjs
15 verbose addLocalTarball adding from inside cache /Users/bwubs/.npm/@megawubs/eloquentjs/0.0.2-beta/package.tgz
16 verbose correctMkdir /Users/bwubs/.npm correctMkdir not in flight; initializing
17 silly cache afterAdd @megawubs/eloquentjs@0.0.2-beta
18 verbose afterAdd /Users/bwubs/.npm/@megawubs/eloquentjs/0.0.2-beta/package/package.json not in flight; writing
19 verbose correctMkdir /Users/bwubs/.npm correctMkdir not in flight; initializing
20 verbose afterAdd /Users/bwubs/.npm/@megawubs/eloquentjs/0.0.2-beta/package/package.json written
21 silly publish { name: '@megawubs/eloquentjs',
21 silly publish   version: '0.0.2-beta',
21 silly publish   description: 'An active record like approach to consuming an API, inspired by Laravel\'s Eloquent',
21 silly publish   main: 'index.js',
21 silly publish   directories: { test: 'tests' },
21 silly publish   scripts: { test: 'echo "Error: no test specified" && exit 1' },
21 silly publish   repository:
21 silly publish    { type: 'git',
21 silly publish      url: 'git+https://github.com/megawubs/eloquentjs.git' },
21 silly publish   keywords: [ 'Eloquent', 'API' ],
21 silly publish   author: { name: 'MegaWubs' },
21 silly publish   license: 'ISC',
21 silly publish   bugs: { url: 'https://github.com/megawubs/eloquentjs/issues' },
21 silly publish   homepage: 'https://github.com/megawubs/eloquentjs#readme',
21 silly publish   readme: 'Eloquentjs\n==========\nAn active record like approach to consuming an API, inspired by Laravel\'s Eloquent\n\n### Installation\nFor now, this module only works inside a laravel installation.\n\n```Shell\n$ npm install @megawubs/eloquentjs --save\n```\n\n### Usage\n\nThis wrapper expects a certain api design. The name of the model you create is automatically mapped to an api endpoint.\nLet\'s say we have a `User` model, by default Eloquentjs will generate a resource uri of `/api/v1/user`. When you \n\n```JavaScript\nexport class User extends Eloquent{\n    get version(){\n        return \'v1\'\n    }\n\n    posts(){\n        return this.hasMany(Post, \'posts\');\n    }\n}\n\nexport class Post extends Eloquent{\n    get version(){\n        return \'v1\'\n    }\n\n    user(){\n        return this.belongsTo(User);\n    }\n}\n\nUser.find(1) //model fetched from api\n.then(user => user.posts) //fetch relations from api\n.then(posts => console.log(posts)); //log relations\n\nPost.find(1) //model fetched from api\n.then(post => post.user) //fetch relation from api\n.then(post => console.log(post)); //log relation\n\n var user = new User(); //new up a user\n\nuser.name = \'John\'\nuser.email = \'do@john.com\'\nuser.email = \'secret\'\n user.save()\n .then(user => console.log(user.id)); //1 (saved user through the API)\n\n User.find(1).then(user => {\n user.name = \'jane\'\n user.email = \'do@jane.com\'\n return user.save();\n }).then(updatedUser => console.log(updatedUser.name)); //jane\n```\n',
21 silly publish   readmeFilename: 'readme.md',
21 silly publish   gitHead: 'acb5b9acb0f7a665a6deee9ddc33231f7885e196',
21 silly publish   _id: '@megawubs/eloquentjs@0.0.2-beta',
21 silly publish   _shasum: '27afd923ac8bb85bdba16c84ad27347a02f054b8',
21 silly publish   _from: '.' }
22 verbose getPublishConfig undefined
23 silly mapToRegistry name @megawubs/eloquentjs
24 silly mapToRegistry scope (from package name) @megawubs
25 verbose mapToRegistry no registry URL found in name for scope @megawubs
26 silly mapToRegistry using default registry
27 silly mapToRegistry registry https://registry.npmjs.org/
28 silly mapToRegistry data Result {
28 silly mapToRegistry   raw: '@megawubs/eloquentjs',
28 silly mapToRegistry   scope: '@megawubs',
28 silly mapToRegistry   escapedName: '@megawubs%2feloquentjs',
28 silly mapToRegistry   name: '@megawubs/eloquentjs',
28 silly mapToRegistry   rawSpec: '',
28 silly mapToRegistry   spec: 'latest',
28 silly mapToRegistry   type: 'tag' }
29 silly mapToRegistry uri https://registry.npmjs.org/@megawubs%2feloquentjs
30 verbose publish registryBase https://registry.npmjs.org/
31 silly publish uploading /Users/bwubs/.npm/@megawubs/eloquentjs/0.0.2-beta/package.tgz
32 verbose request uri https://registry.npmjs.org/@megawubs%2feloquentjs
33 verbose request sending authorization for write operation
34 info attempt registry request try #1 at 22:21:28
35 verbose request using bearer token for auth
36 verbose request id 69f3ac77c81f8f40
37 http request PUT https://registry.npmjs.org/@megawubs%2feloquentjs
38 http 403 https://registry.npmjs.org/@megawubs%2feloquentjs
39 verbose headers { 'content-type': 'application/json',
39 verbose headers   'cache-control': 'max-age=0',
39 verbose headers   'content-length': '100',
39 verbose headers   'accept-ranges': 'bytes',
39 verbose headers   date: 'Wed, 05 Oct 2016 20:21:29 GMT',
39 verbose headers   via: '1.1 varnish',
39 verbose headers   connection: 'keep-alive',
39 verbose headers   'x-served-by': 'cache-ams4136-AMS',
39 verbose headers   'x-cache': 'MISS',
39 verbose headers   'x-cache-hits': '0',
39 verbose headers   'x-timer': 'S1475698888.131492,VS0,VE1196' }
40 verbose request invalidating /Users/bwubs/.npm/registry.npmjs.org/_40megawubs_252feloquentjs on PUT
41 error publish Failed PUT 403
42 verbose stack Error: "You cannot publish over the previously published version 0.0.2-beta." : @megawubs/eloquentjs
42 verbose stack     at makeError (/usr/local/lib/node_modules/npm/node_modules/npm-registry-client/lib/request.js:264:12)
42 verbose stack     at CachingRegistryClient.<anonymous> (/usr/local/lib/node_modules/npm/node_modules/npm-registry-client/lib/request.js:252:14)
42 verbose stack     at Request._callback (/usr/local/lib/node_modules/npm/node_modules/npm-registry-client/lib/request.js:172:14)
42 verbose stack     at Request.self.callback (/usr/local/lib/node_modules/npm/node_modules/request/request.js:200:22)
42 verbose stack     at emitTwo (events.js:106:13)
42 verbose stack     at Request.emit (events.js:191:7)
42 verbose stack     at Request.<anonymous> (/usr/local/lib/node_modules/npm/node_modules/request/request.js:1067:10)
42 verbose stack     at emitOne (events.js:101:20)
42 verbose stack     at Request.emit (events.js:188:7)
42 verbose stack     at IncomingMessage.<anonymous> (/usr/local/lib/node_modules/npm/node_modules/request/request.js:988:12)
43 verbose statusCode 403
44 verbose pkgid @megawubs/eloquentjs
45 verbose cwd /Users/bwubs/stack/projects/PHP/laravel/eloquent.js/resources/assets/js/eloquentjs
46 error Darwin 15.6.0
47 error argv "/usr/local/bin/node" "/usr/local/bin/npm" "publish" "--access=public"
48 error node v6.6.0
49 error npm  v3.10.3
50 error code E403
51 error "You cannot publish over the previously published version 0.0.2-beta." : @megawubs/eloquentjs
52 error If you need help, you may report this error at:
52 error     <https://github.com/npm/npm/issues>
53 verbose exit [ 1, true ]
